2020-04-09 12:52:56.384 INFO [main] [com.cts.pages.LoginPage] [the_user_launch_the_chrome_application] [com.cts.Stepdefinition.LoginStepdef.the_user_launch_the_chrome_application(LoginStepdef.java:27)] - browser opens
2020-04-09 12:53:04.786 INFO [main] [com.cts.pages.LoginPage] [the_user_open_the_saucedemo_home_page] [com.cts.Stepdefinition.LoginStepdef.the_user_open_the_saucedemo_home_page(LoginStepdef.java:34)] - website opens
2020-04-09 12:53:04.794 DEBUG [main] [com.cts.pages.LoginPage] [the_user_login_using_and] [com.cts.Stepdefinition.LoginStepdef.the_user_login_using_and(LoginStepdef.java:41)] - enter username and password
2020-04-09 12:53:48.016 INFO [main] [com.cts.pages.LoginPage] [click_on_the_login_button_user_nagivate_to_the_next_page] [com.cts.Stepdefinition.LoginStepdef.click_on_the_login_button_user_nagivate_to_the_next_page(LoginStepdef.java:50)] - login successfully
2020-04-09 12:53:49.057 ERROR [main] [com.cts.pages.LoginPage] [click_on_the_login_button_user_nagivate_to_the_next_page] [com.cts.Stepdefinition.LoginStepdef.click_on_the_login_button_user_nagivate_to_the_next_page(LoginStepdef.java:53)] - browser is closed
2020-04-09 12:56:17.427 INFO [main] [com.cts.pages.LoginPage] [the_user_launch_the_chrome_application] [com.cts.Stepdefinition.LoginStepdef.the_user_launch_the_chrome_application(LoginStepdef.java:27)] - browser opens
2020-04-09 12:56:22.835 INFO [main] [com.cts.pages.LoginPage] [the_user_open_the_saucedemo_home_page] [com.cts.Stepdefinition.LoginStepdef.the_user_open_the_saucedemo_home_page(LoginStepdef.java:34)] - website opens
2020-04-09 12:56:22.844 DEBUG [main] [com.cts.pages.LoginPage] [the_user_login_using_and] [com.cts.Stepdefinition.LoginStepdef.the_user_login_using_and(LoginStepdef.java:41)] - enter username and password
2020-04-09 12:56:45.139 INFO [main] [com.cts.pages.LoginPage] [click_on_the_login_button_user_nagivate_to_the_next_page] [com.cts.Stepdefinition.LoginStepdef.click_on_the_login_button_user_nagivate_to_the_next_page(LoginStepdef.java:50)] - login successfully
2020-04-09 12:56:45.951 ERROR [main] [com.cts.pages.LoginPage] [click_on_the_login_button_user_nagivate_to_the_next_page] [com.cts.Stepdefinition.LoginStepdef.click_on_the_login_button_user_nagivate_to_the_next_page(LoginStepdef.java:53)] - browser is closed
2020-04-09 13:03:53.616 INFO [main] [com.cts.pages.VerifyPage] [tc04_the_user_launch_the_chrome_application] [com.cts.Stepdefinition.ContinueShoppingStepdef.tc04_the_user_launch_the_chrome_application(ContinueShoppingStepdef.java:29)] - browser opens
2020-04-09 13:04:01.636 INFO [main] [com.cts.pages.VerifyPage] [tc04_the_user_open_the_saucedemo_home_page] [com.cts.Stepdefinition.ContinueShoppingStepdef.tc04_the_user_open_the_saucedemo_home_page(ContinueShoppingStepdef.java:35)] - website opens
2020-04-09 13:04:43.621 INFO [main] [com.cts.pages.VerifyPage] [tc04_click_on_the_login_button_user_nagivate_to_the_next_page] [com.cts.Stepdefinition.ContinueShoppingStepdef.tc04_click_on_the_login_button_user_nagivate_to_the_next_page(ContinueShoppingStepdef.java:49)] - login successfully
2020-04-09 13:04:46.509 INFO [main] [com.cts.pages.VerifyPage] [tc04_the_user_select_the_product_and_add_to_cart] [com.cts.Stepdefinition.ContinueShoppingStepdef.tc04_the_user_select_the_product_and_add_to_cart(ContinueShoppingStepdef.java:55)] - Product is selected and added to cart
2020-04-09 13:04:47.503 INFO [main] [com.cts.pages.VerifyPage] [tc04_the_user_continue_shopping] [com.cts.Stepdefinition.ContinueShoppingStepdef.tc04_the_user_continue_shopping(ContinueShoppingStepdef.java:61)] - Product is added
2020-04-09 13:04:48.727 ERROR [main] [com.cts.pages.VerifyPage] [tc04_the_user_continue_shopping] [com.cts.Stepdefinition.ContinueShoppingStepdef.tc04_the_user_continue_shopping(ContinueShoppingStepdef.java:64)] - browser is closed
2020-04-09 13:08:16.522 INFO [main] [com.cts.pages.VerifyPage] [tc04_the_user_launch_the_chrome_application] [com.cts.Stepdefinition.ContinueShoppingStepdef.tc04_the_user_launch_the_chrome_application(ContinueShoppingStepdef.java:29)] - browser opens
2020-04-09 13:08:25.872 INFO [main] [com.cts.pages.VerifyPage] [tc04_the_user_open_the_saucedemo_home_page] [com.cts.Stepdefinition.ContinueShoppingStepdef.tc04_the_user_open_the_saucedemo_home_page(ContinueShoppingStepdef.java:35)] - website opens
2020-04-09 13:09:06.053 INFO [main] [com.cts.pages.VerifyPage] [tc04_click_on_the_login_button_user_nagivate_to_the_next_page] [com.cts.Stepdefinition.ContinueShoppingStepdef.tc04_click_on_the_login_button_user_nagivate_to_the_next_page(ContinueShoppingStepdef.java:49)] - login successfully
2020-04-09 13:09:08.384 INFO [main] [com.cts.pages.VerifyPage] [tc04_the_user_select_the_product_and_add_to_cart] [com.cts.Stepdefinition.ContinueShoppingStepdef.tc04_the_user_select_the_product_and_add_to_cart(ContinueShoppingStepdef.java:55)] - Product is selected and added to cart
2020-04-09 13:09:10.945 INFO [main] [com.cts.pages.VerifyPage] [tc04_the_user_continue_shopping] [com.cts.Stepdefinition.ContinueShoppingStepdef.tc04_the_user_continue_shopping(ContinueShoppingStepdef.java:61)] - Product is added
2020-04-09 13:09:11.744 ERROR [main] [com.cts.pages.VerifyPage] [tc04_the_user_continue_shopping] [com.cts.Stepdefinition.ContinueShoppingStepdef.tc04_the_user_continue_shopping(ContinueShoppingStepdef.java:64)] - browser is closed
2020-04-09 13:09:46.251 INFO [main] [com.cts.pages.VerifyPage] [tc04_the_user_launch_the_chrome_application] [com.cts.Stepdefinition.ContinueShoppingStepdef.tc04_the_user_launch_the_chrome_application(ContinueShoppingStepdef.java:29)] - browser opens
2020-04-09 13:09:54.707 INFO [main] [com.cts.pages.VerifyPage] [tc04_the_user_open_the_saucedemo_home_page] [com.cts.Stepdefinition.ContinueShoppingStepdef.tc04_the_user_open_the_saucedemo_home_page(ContinueShoppingStepdef.java:35)] - website opens
2020-04-09 13:10:30.046 INFO [main] [com.cts.pages.VerifyPage] [tc04_click_on_the_login_button_user_nagivate_to_the_next_page] [com.cts.Stepdefinition.ContinueShoppingStepdef.tc04_click_on_the_login_button_user_nagivate_to_the_next_page(ContinueShoppingStepdef.java:49)] - login successfully
2020-04-09 13:10:32.778 INFO [main] [com.cts.pages.VerifyPage] [tc04_the_user_select_the_product_and_add_to_cart] [com.cts.Stepdefinition.ContinueShoppingStepdef.tc04_the_user_select_the_product_and_add_to_cart(ContinueShoppingStepdef.java:55)] - Product is selected and added to cart
2020-04-09 13:10:34.129 INFO [main] [com.cts.pages.VerifyPage] [tc04_the_user_continue_shopping] [com.cts.Stepdefinition.ContinueShoppingStepdef.tc04_the_user_continue_shopping(ContinueShoppingStepdef.java:61)] - Product is added
2020-04-09 13:10:34.815 ERROR [main] [com.cts.pages.VerifyPage] [tc04_the_user_continue_shopping] [com.cts.Stepdefinition.ContinueShoppingStepdef.tc04_the_user_continue_shopping(ContinueShoppingStepdef.java:64)] - browser is closed
2020-04-09 13:11:11.120 INFO [main] [com.cts.pages.VerifyPage] [tc04_the_user_launch_the_chrome_application] [com.cts.Stepdefinition.ContinueShoppingStepdef.tc04_the_user_launch_the_chrome_application(ContinueShoppingStepdef.java:29)] - browser opens
2020-04-09 13:11:19.258 INFO [main] [com.cts.pages.VerifyPage] [tc04_the_user_open_the_saucedemo_home_page] [com.cts.Stepdefinition.ContinueShoppingStepdef.tc04_the_user_open_the_saucedemo_home_page(ContinueShoppingStepdef.java:35)] - website opens
2020-04-09 13:11:47.222 INFO [main] [com.cts.pages.VerifyPage] [tc04_click_on_the_login_button_user_nagivate_to_the_next_page] [com.cts.Stepdefinition.ContinueShoppingStepdef.tc04_click_on_the_login_button_user_nagivate_to_the_next_page(ContinueShoppingStepdef.java:49)] - login successfully
2020-04-09 13:11:50.035 INFO [main] [com.cts.pages.VerifyPage] [tc04_the_user_select_the_product_and_add_to_cart] [com.cts.Stepdefinition.ContinueShoppingStepdef.tc04_the_user_select_the_product_and_add_to_cart(ContinueShoppingStepdef.java:55)] - Product is selected and added to cart
2020-04-09 13:11:52.276 INFO [main] [com.cts.pages.VerifyPage] [tc04_the_user_continue_shopping] [com.cts.Stepdefinition.ContinueShoppingStepdef.tc04_the_user_continue_shopping(ContinueShoppingStepdef.java:61)] - Product is added
2020-04-09 13:11:52.972 ERROR [main] [com.cts.pages.VerifyPage] [tc04_the_user_continue_shopping] [com.cts.Stepdefinition.ContinueShoppingStepdef.tc04_the_user_continue_shopping(ContinueShoppingStepdef.java:64)] - browser is closed
2020-04-09 13:18:46.598 INFO [main] [com.cts.pages.ContinueShoppingPage] [tc04_the_user_launch_the_chrome_application] [com.cts.Stepdefinition.ContinueShoppingStepdef.tc04_the_user_launch_the_chrome_application(ContinueShoppingStepdef.java:29)] - browser opens
2020-04-09 13:18:54.230 INFO [main] [com.cts.pages.ContinueShoppingPage] [tc04_the_user_open_the_saucedemo_home_page] [com.cts.Stepdefinition.ContinueShoppingStepdef.tc04_the_user_open_the_saucedemo_home_page(ContinueShoppingStepdef.java:35)] - website opens
2020-04-09 13:19:20.715 INFO [main] [com.cts.pages.ContinueShoppingPage] [tc04_click_on_the_login_button_user_nagivate_to_the_next_page] [com.cts.Stepdefinition.ContinueShoppingStepdef.tc04_click_on_the_login_button_user_nagivate_to_the_next_page(ContinueShoppingStepdef.java:49)] - login successfully
2020-04-09 13:19:22.481 INFO [main] [com.cts.pages.ContinueShoppingPage] [tc04_the_user_select_the_product_and_add_to_cart] [com.cts.Stepdefinition.ContinueShoppingStepdef.tc04_the_user_select_the_product_and_add_to_cart(ContinueShoppingStepdef.java:55)] - Product is selected and added to cart
2020-04-09 13:19:23.576 INFO [main] [com.cts.pages.ContinueShoppingPage] [tc04_the_user_continue_shopping] [com.cts.Stepdefinition.ContinueShoppingStepdef.tc04_the_user_continue_shopping(ContinueShoppingStepdef.java:61)] - Product is added
2020-04-09 13:19:24.295 ERROR [main] [com.cts.pages.ContinueShoppingPage] [tc04_the_user_continue_shopping] [com.cts.Stepdefinition.ContinueShoppingStepdef.tc04_the_user_continue_shopping(ContinueShoppingStepdef.java:64)] - browser is closed
2020-04-09 14:35:24.477 INFO [main] [com.cts.pages.LoginPage] [the_user_launch_the_chrome_application] [com.cts.Stepdefinition.LoginStepdef.the_user_launch_the_chrome_application(LoginStepdef.java:27)] - browser opens
2020-04-09 14:35:31.915 INFO [main] [com.cts.pages.LoginPage] [the_user_open_the_saucedemo_home_page] [com.cts.Stepdefinition.LoginStepdef.the_user_open_the_saucedemo_home_page(LoginStepdef.java:34)] - website opens
2020-04-09 14:35:31.922 DEBUG [main] [com.cts.pages.LoginPage] [the_user_login_using_and] [com.cts.Stepdefinition.LoginStepdef.the_user_login_using_and(LoginStepdef.java:41)] - enter username and password
2020-04-09 14:36:18.016 INFO [main] [com.cts.pages.LoginPage] [click_on_the_login_button_user_nagivate_to_the_next_page] [com.cts.Stepdefinition.LoginStepdef.click_on_the_login_button_user_nagivate_to_the_next_page(LoginStepdef.java:50)] - login successfully
2020-04-09 14:36:20.599 ERROR [main] [com.cts.pages.LoginPage] [click_on_the_login_button_user_nagivate_to_the_next_page] [com.cts.Stepdefinition.LoginStepdef.click_on_the_login_button_user_nagivate_to_the_next_page(LoginStepdef.java:53)] - browser is closed
2020-04-09 15:29:50.443 INFO [main] [com.cts.pages.LoginPage] [the_user_launch_the_chrome_application] [com.cts.Stepdefinition.LoginStepdef.the_user_launch_the_chrome_application(LoginStepdef.java:27)] - browser opens
2020-04-09 15:29:57.444 INFO [main] [com.cts.pages.LoginPage] [the_user_open_the_saucedemo_home_page] [com.cts.Stepdefinition.LoginStepdef.the_user_open_the_saucedemo_home_page(LoginStepdef.java:34)] - website opens
2020-04-09 15:29:57.456 DEBUG [main] [com.cts.pages.LoginPage] [the_user_login_using_and] [com.cts.Stepdefinition.LoginStepdef.the_user_login_using_and(LoginStepdef.java:41)] - enter username and password
2020-04-09 15:30:38.491 INFO [main] [com.cts.pages.LoginPage] [click_on_the_login_button_user_nagivate_to_the_next_page] [com.cts.Stepdefinition.LoginStepdef.click_on_the_login_button_user_nagivate_to_the_next_page(LoginStepdef.java:50)] - login successfully
2020-04-09 15:30:40.699 ERROR [main] [com.cts.pages.LoginPage] [click_on_the_login_button_user_nagivate_to_the_next_page] [com.cts.Stepdefinition.LoginStepdef.click_on_the_login_button_user_nagivate_to_the_next_page(LoginStepdef.java:53)] - browser is closed
2020-04-09 15:31:51.418 INFO [main] [com.cts.pages.SelectPriceRange] [tc02_the_user_launch_the_chrome_application] [com.cts.Stepdefinition.PriceRangeStepdef.tc02_the_user_launch_the_chrome_application(PriceRangeStepdef.java:30)] - browser opens
2020-04-09 15:35:37.318 INFO [main] [com.cts.pages.LoginPage] [the_user_launch_the_chrome_application] [com.cts.Stepdefinition.LoginStepdef.the_user_launch_the_chrome_application(LoginStepdef.java:27)] - browser opens
2020-04-09 15:35:43.723 INFO [main] [com.cts.pages.LoginPage] [the_user_open_the_saucedemo_home_page] [com.cts.Stepdefinition.LoginStepdef.the_user_open_the_saucedemo_home_page(LoginStepdef.java:34)] - website opens
2020-04-09 15:35:43.733 DEBUG [main] [com.cts.pages.LoginPage] [the_user_login_using_and] [com.cts.Stepdefinition.LoginStepdef.the_user_login_using_and(LoginStepdef.java:41)] - enter username and password
2020-04-09 15:36:11.190 INFO [main] [com.cts.pages.LoginPage] [click_on_the_login_button_user_nagivate_to_the_next_page] [com.cts.Stepdefinition.LoginStepdef.click_on_the_login_button_user_nagivate_to_the_next_page(LoginStepdef.java:50)] - login successfully
2020-04-09 15:36:11.811 ERROR [main] [com.cts.pages.LoginPage] [click_on_the_login_button_user_nagivate_to_the_next_page] [com.cts.Stepdefinition.LoginStepdef.click_on_the_login_button_user_nagivate_to_the_next_page(LoginStepdef.java:53)] - browser is closed
2020-04-09 15:36:25.840 INFO [main] [com.cts.pages.SelectPriceRange] [tc02_the_user_launch_the_chrome_application] [com.cts.Stepdefinition.PriceRangeStepdef.tc02_the_user_launch_the_chrome_application(PriceRangeStepdef.java:30)] - browser opens
2020-04-09 15:36:31.419 INFO [main] [com.cts.pages.SelectPriceRange] [tc02_the_user_open_the_saucedemo_home_page] [com.cts.Stepdefinition.PriceRangeStepdef.tc02_the_user_open_the_saucedemo_home_page(PriceRangeStepdef.java:37)] - website opens
2020-04-09 15:37:00.697 INFO [main] [com.cts.pages.SelectPriceRange] [tc02_click_on_the_login_button_user_nagivate_to_the_next_page] [com.cts.Stepdefinition.PriceRangeStepdef.tc02_click_on_the_login_button_user_nagivate_to_the_next_page(PriceRangeStepdef.java:51)] - login successfully
2020-04-09 15:37:01.198 INFO [main] [com.cts.pages.SelectPriceRange] [tc02_select_the_price_range_from_low_to_high] [com.cts.Stepdefinition.PriceRangeStepdef.tc02_select_the_price_range_from_low_to_high(PriceRangeStepdef.java:57)] - Price is Selected
2020-04-09 15:37:01.968 ERROR [main] [com.cts.pages.SelectPriceRange] [tc02_select_the_price_range_from_low_to_high] [com.cts.Stepdefinition.PriceRangeStepdef.tc02_select_the_price_range_from_low_to_high(PriceRangeStepdef.java:60)] - browser is closed
2020-04-09 15:37:12.573 INFO [main] [com.cts.pages.SelectProductPage] [tc03_the_user_launch_the_chrome_application] [com.cts.Stepdefinition.SelectProductStepdef.tc03_the_user_launch_the_chrome_application(SelectProductStepdef.java:30)] - browser opens
2020-04-09 15:37:21.140 INFO [main] [com.cts.pages.SelectProductPage] [tc03_the_user_open_the_saucedemo_home_page] [com.cts.Stepdefinition.SelectProductStepdef.tc03_the_user_open_the_saucedemo_home_page(SelectProductStepdef.java:36)] - website opens
2020-04-09 15:38:00.830 INFO [main] [com.cts.pages.SelectProductPage] [tc03_click_on_the_login_button_user_nagivate_to_the_next_page] [com.cts.Stepdefinition.SelectProductStepdef.tc03_click_on_the_login_button_user_nagivate_to_the_next_page(SelectProductStepdef.java:51)] - login successfully
2020-04-09 15:38:03.656 INFO [main] [com.cts.pages.SelectProductPage] [tc03_the_user_select_the_product] [com.cts.Stepdefinition.SelectProductStepdef.tc03_the_user_select_the_product(SelectProductStepdef.java:57)] - Product is Selected
2020-04-09 15:38:04.673 INFO [main] [com.cts.pages.SelectProductPage] [tc03_adds_the_product_to_add_cart] [com.cts.Stepdefinition.SelectProductStepdef.tc03_adds_the_product_to_add_cart(SelectProductStepdef.java:63)] - Product is added to cart
2020-04-09 15:38:05.581 ERROR [main] [com.cts.pages.SelectProductPage] [tc03_adds_the_product_to_add_cart] [com.cts.Stepdefinition.SelectProductStepdef.tc03_adds_the_product_to_add_cart(SelectProductStepdef.java:66)] - browser is closed
2020-04-09 15:38:12.674 INFO [main] [com.cts.pages.ContinueShoppingPage] [tc04_the_user_launch_the_chrome_application] [com.cts.Stepdefinition.ContinueShoppingStepdef.tc04_the_user_launch_the_chrome_application(ContinueShoppingStepdef.java:29)] - browser opens
2020-04-09 15:38:17.263 INFO [main] [com.cts.pages.ContinueShoppingPage] [tc04_the_user_open_the_saucedemo_home_page] [com.cts.Stepdefinition.ContinueShoppingStepdef.tc04_the_user_open_the_saucedemo_home_page(ContinueShoppingStepdef.java:35)] - website opens
2020-04-09 15:38:23.500 INFO [main] [com.cts.pages.ContinueShoppingPage] [tc04_click_on_the_login_button_user_nagivate_to_the_next_page] [com.cts.Stepdefinition.ContinueShoppingStepdef.tc04_click_on_the_login_button_user_nagivate_to_the_next_page(ContinueShoppingStepdef.java:49)] - login successfully
2020-04-09 15:38:34.743 INFO [main] [com.cts.pages.ContinueShoppingPage] [tc04_the_user_select_the_product_and_add_to_cart] [com.cts.Stepdefinition.ContinueShoppingStepdef.tc04_the_user_select_the_product_and_add_to_cart(ContinueShoppingStepdef.java:55)] - Product is selected and added to cart
2020-04-09 15:38:38.276 INFO [main] [com.cts.pages.ContinueShoppingPage] [tc04_the_user_continue_shopping] [com.cts.Stepdefinition.ContinueShoppingStepdef.tc04_the_user_continue_shopping(ContinueShoppingStepdef.java:61)] - Product is added
2020-04-09 15:38:39.030 ERROR [main] [com.cts.pages.ContinueShoppingPage] [tc04_the_user_continue_shopping] [com.cts.Stepdefinition.ContinueShoppingStepdef.tc04_the_user_continue_shopping(ContinueShoppingStepdef.java:64)] - browser is closed
2020-04-09 15:57:20.157 INFO [main] [com.cts.pages.ContinueShoppingPage] [tc04_the_user_launch_the_chrome_application] [com.cts.Stepdefinition.ContinueShoppingStepdef.tc04_the_user_launch_the_chrome_application(ContinueShoppingStepdef.java:29)] - browser opens
2020-04-09 15:57:24.743 INFO [main] [com.cts.pages.ContinueShoppingPage] [tc04_the_user_open_the_saucedemo_home_page] [com.cts.Stepdefinition.ContinueShoppingStepdef.tc04_the_user_open_the_saucedemo_home_page(ContinueShoppingStepdef.java:35)] - website opens
2020-04-09 15:57:41.370 INFO [main] [com.cts.pages.ContinueShoppingPage] [tc04_click_on_the_login_button_user_nagivate_to_the_next_page] [com.cts.Stepdefinition.ContinueShoppingStepdef.tc04_click_on_the_login_button_user_nagivate_to_the_next_page(ContinueShoppingStepdef.java:49)] - login successfully
2020-04-09 15:57:44.893 INFO [main] [com.cts.pages.ContinueShoppingPage] [tc04_the_user_select_the_product_and_add_to_cart] [com.cts.Stepdefinition.ContinueShoppingStepdef.tc04_the_user_select_the_product_and_add_to_cart(ContinueShoppingStepdef.java:55)] - Product is selected and added to cart
2020-04-09 15:58:51.004 INFO [main] [com.cts.pages.ContinueShoppingPage] [tc04_the_user_launch_the_chrome_application] [com.cts.Stepdefinition.ContinueShoppingStepdef.tc04_the_user_launch_the_chrome_application(ContinueShoppingStepdef.java:29)] - browser opens
2020-04-09 15:58:55.683 INFO [main] [com.cts.pages.ContinueShoppingPage] [tc04_the_user_open_the_saucedemo_home_page] [com.cts.Stepdefinition.ContinueShoppingStepdef.tc04_the_user_open_the_saucedemo_home_page(ContinueShoppingStepdef.java:35)] - website opens
2020-04-09 15:59:19.010 INFO [main] [com.cts.pages.ContinueShoppingPage] [tc04_click_on_the_login_button_user_nagivate_to_the_next_page] [com.cts.Stepdefinition.ContinueShoppingStepdef.tc04_click_on_the_login_button_user_nagivate_to_the_next_page(ContinueShoppingStepdef.java:49)] - login successfully
2020-04-09 15:59:21.282 INFO [main] [com.cts.pages.ContinueShoppingPage] [tc04_the_user_select_the_product_and_add_to_cart] [com.cts.Stepdefinition.ContinueShoppingStepdef.tc04_the_user_select_the_product_and_add_to_cart(ContinueShoppingStepdef.java:55)] - Product is selected and added to cart
2020-04-09 16:00:14.402 INFO [main] [com.cts.pages.ContinueShoppingPage] [tc04_the_user_launch_the_chrome_application] [com.cts.Stepdefinition.ContinueShoppingStepdef.tc04_the_user_launch_the_chrome_application(ContinueShoppingStepdef.java:29)] - browser opens
2020-04-09 16:00:19.387 INFO [main] [com.cts.pages.ContinueShoppingPage] [tc04_the_user_open_the_saucedemo_home_page] [com.cts.Stepdefinition.ContinueShoppingStepdef.tc04_the_user_open_the_saucedemo_home_page(ContinueShoppingStepdef.java:35)] - website opens
2020-04-09 16:01:09.353 INFO [main] [com.cts.pages.ContinueShoppingPage] [tc04_click_on_the_login_button_user_nagivate_to_the_next_page] [com.cts.Stepdefinition.ContinueShoppingStepdef.tc04_click_on_the_login_button_user_nagivate_to_the_next_page(ContinueShoppingStepdef.java:49)] - login successfully
2020-04-09 16:01:13.797 INFO [main] [com.cts.pages.ContinueShoppingPage] [tc04_the_user_select_the_product_and_add_to_cart] [com.cts.Stepdefinition.ContinueShoppingStepdef.tc04_the_user_select_the_product_and_add_to_cart(ContinueShoppingStepdef.java:55)] - Product is selected and added to cart
2020-04-09 16:01:15.996 INFO [main] [com.cts.pages.ContinueShoppingPage] [tc04_the_user_continue_shopping] [com.cts.Stepdefinition.ContinueShoppingStepdef.tc04_the_user_continue_shopping(ContinueShoppingStepdef.java:61)] - Product is added
2020-04-09 16:01:16.715 ERROR [main] [com.cts.pages.ContinueShoppingPage] [tc04_the_user_continue_shopping] [com.cts.Stepdefinition.ContinueShoppingStepdef.tc04_the_user_continue_shopping(ContinueShoppingStepdef.java:64)] - browser is closed
2020-04-09 16:03:10.113 INFO [main] [com.cts.pages.ContinueShoppingPage] [tc04_the_user_launch_the_chrome_application] [com.cts.Stepdefinition.ContinueShoppingStepdef.tc04_the_user_launch_the_chrome_application(ContinueShoppingStepdef.java:29)] - browser opens
2020-04-09 16:03:15.243 INFO [main] [com.cts.pages.ContinueShoppingPage] [tc04_the_user_open_the_saucedemo_home_page] [com.cts.Stepdefinition.ContinueShoppingStepdef.tc04_the_user_open_the_saucedemo_home_page(ContinueShoppingStepdef.java:35)] - website opens
2020-04-09 16:03:30.943 INFO [main] [com.cts.pages.ContinueShoppingPage] [tc04_click_on_the_login_button_user_nagivate_to_the_next_page] [com.cts.Stepdefinition.ContinueShoppingStepdef.tc04_click_on_the_login_button_user_nagivate_to_the_next_page(ContinueShoppingStepdef.java:49)] - login successfully
2020-04-09 16:03:33.095 INFO [main] [com.cts.pages.ContinueShoppingPage] [tc04_the_user_select_the_product_and_add_to_cart] [com.cts.Stepdefinition.ContinueShoppingStepdef.tc04_the_user_select_the_product_and_add_to_cart(ContinueShoppingStepdef.java:55)] - Product is selected and added to cart
2020-04-09 16:04:01.097 INFO [main] [com.cts.pages.ContinueShoppingPage] [tc04_the_user_launch_the_chrome_application] [com.cts.Stepdefinition.ContinueShoppingStepdef.tc04_the_user_launch_the_chrome_application(ContinueShoppingStepdef.java:29)] - browser opens
2020-04-09 16:04:11.362 INFO [main] [com.cts.pages.ContinueShoppingPage] [tc04_the_user_open_the_saucedemo_home_page] [com.cts.Stepdefinition.ContinueShoppingStepdef.tc04_the_user_open_the_saucedemo_home_page(ContinueShoppingStepdef.java:35)] - website opens
2020-04-09 16:04:31.092 INFO [main] [com.cts.pages.ContinueShoppingPage] [tc04_click_on_the_login_button_user_nagivate_to_the_next_page] [com.cts.Stepdefinition.ContinueShoppingStepdef.tc04_click_on_the_login_button_user_nagivate_to_the_next_page(ContinueShoppingStepdef.java:49)] - login successfully
2020-04-09 16:04:33.714 INFO [main] [com.cts.pages.ContinueShoppingPage] [tc04_the_user_select_the_product_and_add_to_cart] [com.cts.Stepdefinition.ContinueShoppingStepdef.tc04_the_user_select_the_product_and_add_to_cart(ContinueShoppingStepdef.java:55)] - Product is selected and added to cart
2020-04-09 16:06:42.223 INFO [main] [com.cts.pages.LogoutPage] [tc06_the_user_launch_the_chrome_application] [com.cts.Stepdefinition.LogoutStepdef.tc06_the_user_launch_the_chrome_application(LogoutStepdef.java:30)] - browser opens
2020-04-09 16:06:50.790 INFO [main] [com.cts.pages.LogoutPage] [tc06_the_user_open_the_saucedemo_home_page] [com.cts.Stepdefinition.LogoutStepdef.tc06_the_user_open_the_saucedemo_home_page(LogoutStepdef.java:37)] - website opens
2020-04-09 16:07:06.895 INFO [main] [com.cts.pages.LogoutPage] [tc06_click_on_the_login_button_user_nagivate_to_the_next_page] [com.cts.Stepdefinition.LogoutStepdef.tc06_click_on_the_login_button_user_nagivate_to_the_next_page(LogoutStepdef.java:52)] - login successfully
2020-04-09 16:07:07.234 INFO [main] [com.cts.pages.LogoutPage] [tc06_user_opens_the_menu] [com.cts.Stepdefinition.LogoutStepdef.tc06_user_opens_the_menu(LogoutStepdef.java:58)] - menu opened
2020-04-09 16:07:09.145 ERROR [main] [com.cts.pages.LogoutPage] [tc06_user_click_on_logout] [com.cts.Stepdefinition.LogoutStepdef.tc06_user_click_on_logout(LogoutStepdef.java:67)] - browser is closed
2020-04-09 16:09:23.484 INFO [main] [com.cts.pages.LoginPage] [the_user_launch_the_chrome_application] [com.cts.Stepdefinition.LoginStepdef.the_user_launch_the_chrome_application(LoginStepdef.java:27)] - browser opens
2020-04-09 16:09:27.520 INFO [main] [com.cts.pages.LoginPage] [the_user_open_the_saucedemo_home_page] [com.cts.Stepdefinition.LoginStepdef.the_user_open_the_saucedemo_home_page(LoginStepdef.java:34)] - website opens
2020-04-09 16:09:27.531 DEBUG [main] [com.cts.pages.LoginPage] [the_user_login_using_and] [com.cts.Stepdefinition.LoginStepdef.the_user_login_using_and(LoginStepdef.java:41)] - enter username and password
2020-04-09 16:09:32.683 INFO [main] [com.cts.pages.LoginPage] [click_on_the_login_button_user_nagivate_to_the_next_page] [com.cts.Stepdefinition.LoginStepdef.click_on_the_login_button_user_nagivate_to_the_next_page(LoginStepdef.java:50)] - login successfully
2020-04-09 16:09:33.481 ERROR [main] [com.cts.pages.LoginPage] [click_on_the_login_button_user_nagivate_to_the_next_page] [com.cts.Stepdefinition.LoginStepdef.click_on_the_login_button_user_nagivate_to_the_next_page(LoginStepdef.java:53)] - browser is closed
2020-04-09 16:09:53.527 INFO [main] [com.cts.pages.SelectPriceRange] [tc02_the_user_launch_the_chrome_application] [com.cts.Stepdefinition.PriceRangeStepdef.tc02_the_user_launch_the_chrome_application(PriceRangeStepdef.java:30)] - browser opens
2020-04-09 16:09:59.518 INFO [main] [com.cts.pages.SelectPriceRange] [tc02_the_user_open_the_saucedemo_home_page] [com.cts.Stepdefinition.PriceRangeStepdef.tc02_the_user_open_the_saucedemo_home_page(PriceRangeStepdef.java:37)] - website opens
2020-04-09 16:10:03.805 INFO [main] [com.cts.pages.SelectPriceRange] [tc02_click_on_the_login_button_user_nagivate_to_the_next_page] [com.cts.Stepdefinition.PriceRangeStepdef.tc02_click_on_the_login_button_user_nagivate_to_the_next_page(PriceRangeStepdef.java:51)] - login successfully
2020-04-09 16:10:04.268 INFO [main] [com.cts.pages.SelectPriceRange] [tc02_select_the_price_range_from_low_to_high] [com.cts.Stepdefinition.PriceRangeStepdef.tc02_select_the_price_range_from_low_to_high(PriceRangeStepdef.java:57)] - Price is Selected
2020-04-09 16:10:05.265 ERROR [main] [com.cts.pages.SelectPriceRange] [tc02_select_the_price_range_from_low_to_high] [com.cts.Stepdefinition.PriceRangeStepdef.tc02_select_the_price_range_from_low_to_high(PriceRangeStepdef.java:60)] - browser is closed
2020-04-09 16:10:15.383 INFO [main] [com.cts.pages.SelectProductPage] [tc03_the_user_launch_the_chrome_application] [com.cts.Stepdefinition.SelectProductStepdef.tc03_the_user_launch_the_chrome_application(SelectProductStepdef.java:30)] - browser opens
2020-04-09 16:10:19.960 INFO [main] [com.cts.pages.SelectProductPage] [tc03_the_user_open_the_saucedemo_home_page] [com.cts.Stepdefinition.SelectProductStepdef.tc03_the_user_open_the_saucedemo_home_page(SelectProductStepdef.java:36)] - website opens
2020-04-09 16:10:31.826 INFO [main] [com.cts.pages.SelectProductPage] [tc03_click_on_the_login_button_user_nagivate_to_the_next_page] [com.cts.Stepdefinition.SelectProductStepdef.tc03_click_on_the_login_button_user_nagivate_to_the_next_page(SelectProductStepdef.java:51)] - login successfully
2020-04-09 16:10:32.361 INFO [main] [com.cts.pages.SelectProductPage] [tc03_the_user_select_the_product] [com.cts.Stepdefinition.SelectProductStepdef.tc03_the_user_select_the_product(SelectProductStepdef.java:57)] - Product is Selected
2020-04-09 16:10:36.946 INFO [main] [com.cts.pages.ContinueShoppingPage] [tc04_the_user_launch_the_chrome_application] [com.cts.Stepdefinition.ContinueShoppingStepdef.tc04_the_user_launch_the_chrome_application(ContinueShoppingStepdef.java:29)] - browser opens
2020-04-09 16:10:40.230 INFO [main] [com.cts.pages.ContinueShoppingPage] [tc04_the_user_open_the_saucedemo_home_page] [com.cts.Stepdefinition.ContinueShoppingStepdef.tc04_the_user_open_the_saucedemo_home_page(ContinueShoppingStepdef.java:35)] - website opens
2020-04-09 16:10:42.574 INFO [main] [com.cts.pages.ContinueShoppingPage] [tc04_click_on_the_login_button_user_nagivate_to_the_next_page] [com.cts.Stepdefinition.ContinueShoppingStepdef.tc04_click_on_the_login_button_user_nagivate_to_the_next_page(ContinueShoppingStepdef.java:49)] - login successfully
2020-04-09 16:10:44.342 INFO [main] [com.cts.pages.ContinueShoppingPage] [tc04_the_user_select_the_product_and_add_to_cart] [com.cts.Stepdefinition.ContinueShoppingStepdef.tc04_the_user_select_the_product_and_add_to_cart(ContinueShoppingStepdef.java:55)] - Product is selected and added to cart
2020-04-09 16:10:45.494 INFO [main] [com.cts.pages.ContinueShoppingPage] [tc04_the_user_continue_shopping] [com.cts.Stepdefinition.ContinueShoppingStepdef.tc04_the_user_continue_shopping(ContinueShoppingStepdef.java:61)] - Product is added
2020-04-09 16:10:46.105 ERROR [main] [com.cts.pages.ContinueShoppingPage] [tc04_the_user_continue_shopping] [com.cts.Stepdefinition.ContinueShoppingStepdef.tc04_the_user_continue_shopping(ContinueShoppingStepdef.java:64)] - browser is closed
2020-04-09 16:10:57.606 INFO [main] [com.cts.pages.MenuPage] [tc05_the_user_launch_the_chrome_application] [com.cts.Stepdefinition.MenuStepdef.tc05_the_user_launch_the_chrome_application(MenuStepdef.java:30)] - browser opens
2020-04-09 16:11:07.947 INFO [main] [com.cts.pages.MenuPage] [tc05_the_user_open_the_saucedemo_home_page] [com.cts.Stepdefinition.MenuStepdef.tc05_the_user_open_the_saucedemo_home_page(MenuStepdef.java:37)] - website opens
2020-04-09 16:11:16.940 INFO [main] [com.cts.pages.MenuPage] [tc05_click_on_the_login_button_user_nagivate_to_the_next_page] [com.cts.Stepdefinition.MenuStepdef.tc05_click_on_the_login_button_user_nagivate_to_the_next_page(MenuStepdef.java:51)] - login successfully
2020-04-09 16:11:17.344 INFO [main] [com.cts.pages.MenuPage] [tc05_user_opens_the_menu] [com.cts.Stepdefinition.MenuStepdef.tc05_user_opens_the_menu(MenuStepdef.java:57)] - Menu is opened
2020-04-09 16:11:46.344 ERROR [main] [com.cts.pages.MenuPage] [tc05_in_platform_user_select_selenium] [com.cts.Stepdefinition.MenuStepdef.tc05_in_platform_user_select_selenium(MenuStepdef.java:70)] - browser is closed
2020-04-09 16:12:06.266 INFO [main] [com.cts.pages.LogoutPage] [tc06_the_user_launch_the_chrome_application] [com.cts.Stepdefinition.LogoutStepdef.tc06_the_user_launch_the_chrome_application(LogoutStepdef.java:30)] - browser opens
2020-04-09 16:12:14.606 INFO [main] [com.cts.pages.LogoutPage] [tc06_the_user_open_the_saucedemo_home_page] [com.cts.Stepdefinition.LogoutStepdef.tc06_the_user_open_the_saucedemo_home_page(LogoutStepdef.java:37)] - website opens
2020-04-09 16:12:28.754 INFO [main] [com.cts.pages.LogoutPage] [tc06_click_on_the_login_button_user_nagivate_to_the_next_page] [com.cts.Stepdefinition.LogoutStepdef.tc06_click_on_the_login_button_user_nagivate_to_the_next_page(LogoutStepdef.java:52)] - login successfully
2020-04-09 16:12:29.042 INFO [main] [com.cts.pages.LogoutPage] [tc06_user_opens_the_menu] [com.cts.Stepdefinition.LogoutStepdef.tc06_user_opens_the_menu(LogoutStepdef.java:58)] - menu opened
2020-04-09 16:12:29.889 ERROR [main] [com.cts.pages.LogoutPage] [tc06_user_click_on_logout] [com.cts.Stepdefinition.LogoutStepdef.tc06_user_click_on_logout(LogoutStepdef.java:67)] - browser is closed
2020-04-09 16:14:25.131 INFO [main] [com.cts.pages.SelectProductPage] [tc03_the_user_launch_the_chrome_application] [com.cts.Stepdefinition.SelectProductStepdef.tc03_the_user_launch_the_chrome_application(SelectProductStepdef.java:30)] - browser opens
2020-04-09 16:14:31.481 INFO [main] [com.cts.pages.SelectProductPage] [tc03_the_user_open_the_saucedemo_home_page] [com.cts.Stepdefinition.SelectProductStepdef.tc03_the_user_open_the_saucedemo_home_page(SelectProductStepdef.java:36)] - website opens
2020-04-09 16:14:49.777 INFO [main] [com.cts.pages.SelectProductPage] [tc03_click_on_the_login_button_user_nagivate_to_the_next_page] [com.cts.Stepdefinition.SelectProductStepdef.tc03_click_on_the_login_button_user_nagivate_to_the_next_page(SelectProductStepdef.java:51)] - login successfully
2020-04-09 16:14:50.458 INFO [main] [com.cts.pages.SelectProductPage] [tc03_the_user_select_the_product] [com.cts.Stepdefinition.SelectProductStepdef.tc03_the_user_select_the_product(SelectProductStepdef.java:57)] - Product is Selected
2020-04-09 16:14:50.733 INFO [main] [com.cts.pages.SelectProductPage] [tc03_adds_the_product_to_add_cart] [com.cts.Stepdefinition.SelectProductStepdef.tc03_adds_the_product_to_add_cart(SelectProductStepdef.java:63)] - Product is added to cart
2020-04-09 16:14:51.242 ERROR [main] [com.cts.pages.SelectProductPage] [tc03_adds_the_product_to_add_cart] [com.cts.Stepdefinition.SelectProductStepdef.tc03_adds_the_product_to_add_cart(SelectProductStepdef.java:66)] - browser is closed
2020-04-09 16:58:40.674 INFO [main] [com.cts.pages.LoginPage] [the_user_launch_the_chrome_application] [com.cts.Stepdefinition.LoginStepdef.the_user_launch_the_chrome_application(LoginStepdef.java:27)] - browser opens
2020-04-09 16:58:45.621 INFO [main] [com.cts.pages.LoginPage] [the_user_open_the_saucedemo_home_page] [com.cts.Stepdefinition.LoginStepdef.the_user_open_the_saucedemo_home_page(LoginStepdef.java:34)] - website opens
2020-04-09 16:58:45.634 DEBUG [main] [com.cts.pages.LoginPage] [the_user_login_using_and] [com.cts.Stepdefinition.LoginStepdef.the_user_login_using_and(LoginStepdef.java:41)] - enter username and password
2020-04-09 16:59:08.328 INFO [main] [com.cts.pages.LoginPage] [click_on_the_login_button_user_nagivate_to_the_next_page] [com.cts.Stepdefinition.LoginStepdef.click_on_the_login_button_user_nagivate_to_the_next_page(LoginStepdef.java:50)] - login successfully
2020-04-09 16:59:09.105 ERROR [main] [com.cts.pages.LoginPage] [click_on_the_login_button_user_nagivate_to_the_next_page] [com.cts.Stepdefinition.LoginStepdef.click_on_the_login_button_user_nagivate_to_the_next_page(LoginStepdef.java:53)] - browser is closed
2020-04-09 16:59:27.566 INFO [main] [com.cts.pages.SelectPriceRange] [tc02_the_user_launch_the_chrome_application] [com.cts.Stepdefinition.PriceRangeStepdef.tc02_the_user_launch_the_chrome_application(PriceRangeStepdef.java:30)] - browser opens
2020-04-09 16:59:33.872 INFO [main] [com.cts.pages.SelectPriceRange] [tc02_the_user_open_the_saucedemo_home_page] [com.cts.Stepdefinition.PriceRangeStepdef.tc02_the_user_open_the_saucedemo_home_page(PriceRangeStepdef.java:37)] - website opens
2020-04-09 16:59:49.595 INFO [main] [com.cts.pages.SelectPriceRange] [tc02_click_on_the_login_button_user_nagivate_to_the_next_page] [com.cts.Stepdefinition.PriceRangeStepdef.tc02_click_on_the_login_button_user_nagivate_to_the_next_page(PriceRangeStepdef.java:51)] - login successfully
2020-04-09 16:59:50.170 INFO [main] [com.cts.pages.SelectPriceRange] [tc02_select_the_price_range_from_low_to_high] [com.cts.Stepdefinition.PriceRangeStepdef.tc02_select_the_price_range_from_low_to_high(PriceRangeStepdef.java:57)] - Price is Selected
2020-04-09 16:59:50.892 ERROR [main] [com.cts.pages.SelectPriceRange] [tc02_select_the_price_range_from_low_to_high] [com.cts.Stepdefinition.PriceRangeStepdef.tc02_select_the_price_range_from_low_to_high(PriceRangeStepdef.java:60)] - browser is closed
2020-04-09 17:00:03.746 INFO [main] [com.cts.pages.SelectProductPage] [tc03_the_user_launch_the_chrome_application] [com.cts.Stepdefinition.SelectProductStepdef.tc03_the_user_launch_the_chrome_application(SelectProductStepdef.java:30)] - browser opens
2020-04-09 17:00:09.476 INFO [main] [com.cts.pages.SelectProductPage] [tc03_the_user_open_the_saucedemo_home_page] [com.cts.Stepdefinition.SelectProductStepdef.tc03_the_user_open_the_saucedemo_home_page(SelectProductStepdef.java:36)] - website opens
2020-04-09 17:00:23.238 INFO [main] [com.cts.pages.SelectProductPage] [tc03_click_on_the_login_button_user_nagivate_to_the_next_page] [com.cts.Stepdefinition.SelectProductStepdef.tc03_click_on_the_login_button_user_nagivate_to_the_next_page(SelectProductStepdef.java:51)] - login successfully
2020-04-09 17:00:24.370 INFO [main] [com.cts.pages.SelectProductPage] [tc03_the_user_select_the_product] [com.cts.Stepdefinition.SelectProductStepdef.tc03_the_user_select_the_product(SelectProductStepdef.java:57)] - Product is Selected
2020-04-09 17:00:24.973 INFO [main] [com.cts.pages.SelectProductPage] [tc03_adds_the_product_to_add_cart] [com.cts.Stepdefinition.SelectProductStepdef.tc03_adds_the_product_to_add_cart(SelectProductStepdef.java:63)] - Product is added to cart
2020-04-09 17:00:25.454 ERROR [main] [com.cts.pages.SelectProductPage] [tc03_adds_the_product_to_add_cart] [com.cts.Stepdefinition.SelectProductStepdef.tc03_adds_the_product_to_add_cart(SelectProductStepdef.java:66)] - browser is closed
2020-04-09 17:00:31.357 INFO [main] [com.cts.pages.ContinueShoppingPage] [tc04_the_user_launch_the_chrome_application] [com.cts.Stepdefinition.ContinueShoppingStepdef.tc04_the_user_launch_the_chrome_application(ContinueShoppingStepdef.java:29)] - browser opens
2020-04-09 17:00:34.994 INFO [main] [com.cts.pages.ContinueShoppingPage] [tc04_the_user_open_the_saucedemo_home_page] [com.cts.Stepdefinition.ContinueShoppingStepdef.tc04_the_user_open_the_saucedemo_home_page(ContinueShoppingStepdef.java:35)] - website opens
2020-04-09 17:00:42.419 INFO [main] [com.cts.pages.ContinueShoppingPage] [tc04_click_on_the_login_button_user_nagivate_to_the_next_page] [com.cts.Stepdefinition.ContinueShoppingStepdef.tc04_click_on_the_login_button_user_nagivate_to_the_next_page(ContinueShoppingStepdef.java:49)] - login successfully
2020-04-09 17:00:46.317 INFO [main] [com.cts.pages.ContinueShoppingPage] [tc04_the_user_select_the_product_and_add_to_cart] [com.cts.Stepdefinition.ContinueShoppingStepdef.tc04_the_user_select_the_product_and_add_to_cart(ContinueShoppingStepdef.java:55)] - Product is selected and added to cart
2020-04-09 17:00:48.122 INFO [main] [com.cts.pages.ContinueShoppingPage] [tc04_the_user_continue_shopping] [com.cts.Stepdefinition.ContinueShoppingStepdef.tc04_the_user_continue_shopping(ContinueShoppingStepdef.java:61)] - Product is added
2020-04-09 17:00:48.730 ERROR [main] [com.cts.pages.ContinueShoppingPage] [tc04_the_user_continue_shopping] [com.cts.Stepdefinition.ContinueShoppingStepdef.tc04_the_user_continue_shopping(ContinueShoppingStepdef.java:64)] - browser is closed
2020-04-09 17:01:01.582 INFO [main] [com.cts.pages.MenuPage] [tc05_the_user_launch_the_chrome_application] [com.cts.Stepdefinition.MenuStepdef.tc05_the_user_launch_the_chrome_application(MenuStepdef.java:30)] - browser opens
2020-04-09 17:01:06.970 INFO [main] [com.cts.pages.MenuPage] [tc05_the_user_open_the_saucedemo_home_page] [com.cts.Stepdefinition.MenuStepdef.tc05_the_user_open_the_saucedemo_home_page(MenuStepdef.java:37)] - website opens
2020-04-09 17:01:15.660 INFO [main] [com.cts.pages.MenuPage] [tc05_click_on_the_login_button_user_nagivate_to_the_next_page] [com.cts.Stepdefinition.MenuStepdef.tc05_click_on_the_login_button_user_nagivate_to_the_next_page(MenuStepdef.java:51)] - login successfully
2020-04-09 17:01:16.068 INFO [main] [com.cts.pages.MenuPage] [tc05_user_opens_the_menu] [com.cts.Stepdefinition.MenuStepdef.tc05_user_opens_the_menu(MenuStepdef.java:57)] - Menu is opened
2020-04-09 17:01:41.008 ERROR [main] [com.cts.pages.MenuPage] [tc05_in_platform_user_select_selenium] [com.cts.Stepdefinition.MenuStepdef.tc05_in_platform_user_select_selenium(MenuStepdef.java:70)] - browser is closed
2020-04-09 17:02:04.319 INFO [main] [com.cts.pages.LogoutPage] [tc06_the_user_launch_the_chrome_application] [com.cts.Stepdefinition.LogoutStepdef.tc06_the_user_launch_the_chrome_application(LogoutStepdef.java:30)] - browser opens
2020-04-09 17:02:09.698 INFO [main] [com.cts.pages.LogoutPage] [tc06_the_user_open_the_saucedemo_home_page] [com.cts.Stepdefinition.LogoutStepdef.tc06_the_user_open_the_saucedemo_home_page(LogoutStepdef.java:37)] - website opens
2020-04-09 17:02:16.580 INFO [main] [com.cts.pages.LogoutPage] [tc06_click_on_the_login_button_user_nagivate_to_the_next_page] [com.cts.Stepdefinition.LogoutStepdef.tc06_click_on_the_login_button_user_nagivate_to_the_next_page(LogoutStepdef.java:52)] - login successfully
2020-04-09 17:02:17.180 INFO [main] [com.cts.pages.LogoutPage] [tc06_user_opens_the_menu] [com.cts.Stepdefinition.LogoutStepdef.tc06_user_opens_the_menu(LogoutStepdef.java:58)] - menu opened
2020-04-09 17:02:18.767 ERROR [main] [com.cts.pages.LogoutPage] [tc06_user_click_on_logout] [com.cts.Stepdefinition.LogoutStepdef.tc06_user_click_on_logout(LogoutStepdef.java:67)] - browser is closed
2020-04-09 17:35:19.968 INFO [main] [com.cts.pages.SelectProductPage] [tc03_the_user_launch_the_chrome_application] [com.cts.Stepdefinition.SelectProductStepdef.tc03_the_user_launch_the_chrome_application(SelectProductStepdef.java:30)] - browser opens
2020-04-09 17:35:25.462 INFO [main] [com.cts.pages.SelectProductPage] [tc03_the_user_open_the_saucedemo_home_page] [com.cts.Stepdefinition.SelectProductStepdef.tc03_the_user_open_the_saucedemo_home_page(SelectProductStepdef.java:36)] - website opens
2020-04-09 17:35:38.784 INFO [main] [com.cts.pages.SelectProductPage] [tc03_click_on_the_login_button_user_nagivate_to_the_next_page] [com.cts.Stepdefinition.SelectProductStepdef.tc03_click_on_the_login_button_user_nagivate_to_the_next_page(SelectProductStepdef.java:51)] - login successfully
2020-04-09 17:35:39.629 INFO [main] [com.cts.pages.SelectProductPage] [tc03_the_user_select_the_product] [com.cts.Stepdefinition.SelectProductStepdef.tc03_the_user_select_the_product(SelectProductStepdef.java:57)] - Product is Selected
2020-04-09 17:35:39.824 INFO [main] [com.cts.pages.SelectProductPage] [tc03_adds_the_product_to_add_cart] [com.cts.Stepdefinition.SelectProductStepdef.tc03_adds_the_product_to_add_cart(SelectProductStepdef.java:63)] - Product is added to cart
2020-04-09 17:35:40.387 ERROR [main] [com.cts.pages.SelectProductPage] [tc03_adds_the_product_to_add_cart] [com.cts.Stepdefinition.SelectProductStepdef.tc03_adds_the_product_to_add_cart(SelectProductStepdef.java:66)] - browser is closed
2020-04-09 17:36:23.510 INFO [main] [com.cts.pages.SelectProductPage] [tc03_the_user_launch_the_chrome_application] [com.cts.Stepdefinition.SelectProductStepdef.tc03_the_user_launch_the_chrome_application(SelectProductStepdef.java:30)] - browser opens
2020-04-09 17:36:30.079 INFO [main] [com.cts.pages.SelectProductPage] [tc03_the_user_open_the_saucedemo_home_page] [com.cts.Stepdefinition.SelectProductStepdef.tc03_the_user_open_the_saucedemo_home_page(SelectProductStepdef.java:36)] - website opens
2020-04-09 17:36:36.151 INFO [main] [com.cts.pages.SelectProductPage] [tc03_click_on_the_login_button_user_nagivate_to_the_next_page] [com.cts.Stepdefinition.SelectProductStepdef.tc03_click_on_the_login_button_user_nagivate_to_the_next_page(SelectProductStepdef.java:51)] - login successfully
2020-04-09 17:38:57.374 INFO [main] [com.cts.pages.SelectProductPage] [tc03_the_user_launch_the_chrome_application] [com.cts.Stepdefinition.SelectProductStepdef.tc03_the_user_launch_the_chrome_application(SelectProductStepdef.java:30)] - browser opens
2020-04-09 17:39:02.950 INFO [main] [com.cts.pages.SelectProductPage] [tc03_the_user_open_the_saucedemo_home_page] [com.cts.Stepdefinition.SelectProductStepdef.tc03_the_user_open_the_saucedemo_home_page(SelectProductStepdef.java:36)] - website opens
2020-04-09 17:39:13.767 INFO [main] [com.cts.pages.SelectProductPage] [tc03_click_on_the_login_button_user_nagivate_to_the_next_page] [com.cts.Stepdefinition.SelectProductStepdef.tc03_click_on_the_login_button_user_nagivate_to_the_next_page(SelectProductStepdef.java:51)] - login successfully
2020-04-09 17:39:14.512 INFO [main] [com.cts.pages.SelectProductPage] [tc03_the_user_select_the_product] [com.cts.Stepdefinition.SelectProductStepdef.tc03_the_user_select_the_product(SelectProductStepdef.java:57)] - Product is Selected
2020-04-09 17:39:14.838 INFO [main] [com.cts.pages.SelectProductPage] [tc03_adds_the_product_to_add_cart] [com.cts.Stepdefinition.SelectProductStepdef.tc03_adds_the_product_to_add_cart(SelectProductStepdef.java:63)] - Product is added to cart
2020-04-09 17:39:15.257 ERROR [main] [com.cts.pages.SelectProductPage] [tc03_adds_the_product_to_add_cart] [com.cts.Stepdefinition.SelectProductStepdef.tc03_adds_the_product_to_add_cart(SelectProductStepdef.java:66)] - browser is closed
2020-04-09 17:40:12.333 INFO [main] [com.cts.pages.SelectProductPage] [tc03_the_user_launch_the_chrome_application] [com.cts.Stepdefinition.SelectProductStepdef.tc03_the_user_launch_the_chrome_application(SelectProductStepdef.java:30)] - browser opens
2020-04-09 17:40:16.869 INFO [main] [com.cts.pages.SelectProductPage] [tc03_the_user_open_the_saucedemo_home_page] [com.cts.Stepdefinition.SelectProductStepdef.tc03_the_user_open_the_saucedemo_home_page(SelectProductStepdef.java:36)] - website opens
2020-04-09 17:40:33.815 INFO [main] [com.cts.pages.SelectProductPage] [tc03_click_on_the_login_button_user_nagivate_to_the_next_page] [com.cts.Stepdefinition.SelectProductStepdef.tc03_click_on_the_login_button_user_nagivate_to_the_next_page(SelectProductStepdef.java:51)] - login successfully
2020-04-09 17:40:34.498 INFO [main] [com.cts.pages.SelectProductPage] [tc03_the_user_select_the_product] [com.cts.Stepdefinition.SelectProductStepdef.tc03_the_user_select_the_product(SelectProductStepdef.java:57)] - Product is Selected
2020-04-09 17:40:34.781 INFO [main] [com.cts.pages.SelectProductPage] [tc03_adds_the_product_to_add_cart] [com.cts.Stepdefinition.SelectProductStepdef.tc03_adds_the_product_to_add_cart(SelectProductStepdef.java:63)] - Product is added to cart
2020-04-09 17:40:35.387 ERROR [main] [com.cts.pages.SelectProductPage] [tc03_adds_the_product_to_add_cart] [com.cts.Stepdefinition.SelectProductStepdef.tc03_adds_the_product_to_add_cart(SelectProductStepdef.java:66)] - browser is closed
2020-04-09 17:42:25.338 INFO [main] [com.cts.pages.ContinueShoppingPage] [tc04_the_user_launch_the_chrome_application] [com.cts.Stepdefinition.ContinueShoppingStepdef.tc04_the_user_launch_the_chrome_application(ContinueShoppingStepdef.java:29)] - browser opens
2020-04-09 17:42:30.691 INFO [main] [com.cts.pages.ContinueShoppingPage] [tc04_the_user_open_the_saucedemo_home_page] [com.cts.Stepdefinition.ContinueShoppingStepdef.tc04_the_user_open_the_saucedemo_home_page(ContinueShoppingStepdef.java:35)] - website opens
2020-04-09 17:42:46.150 INFO [main] [com.cts.pages.ContinueShoppingPage] [tc04_click_on_the_login_button_user_nagivate_to_the_next_page] [com.cts.Stepdefinition.ContinueShoppingStepdef.tc04_click_on_the_login_button_user_nagivate_to_the_next_page(ContinueShoppingStepdef.java:49)] - login successfully
2020-04-09 17:42:49.333 INFO [main] [com.cts.pages.ContinueShoppingPage] [tc04_the_user_select_the_product_and_add_to_cart] [com.cts.Stepdefinition.ContinueShoppingStepdef.tc04_the_user_select_the_product_and_add_to_cart(ContinueShoppingStepdef.java:55)] - Product is selected and added to cart
2020-04-09 17:42:51.022 INFO [main] [com.cts.pages.ContinueShoppingPage] [tc04_the_user_continue_shopping] [com.cts.Stepdefinition.ContinueShoppingStepdef.tc04_the_user_continue_shopping(ContinueShoppingStepdef.java:61)] - Product is added
2020-04-09 17:42:52.151 ERROR [main] [com.cts.pages.ContinueShoppingPage] [tc04_the_user_continue_shopping] [com.cts.Stepdefinition.ContinueShoppingStepdef.tc04_the_user_continue_shopping(ContinueShoppingStepdef.java:64)] - browser is closed
2020-04-09 17:43:25.649 INFO [main] [com.cts.pages.ContinueShoppingPage] [tc04_the_user_launch_the_chrome_application] [com.cts.Stepdefinition.ContinueShoppingStepdef.tc04_the_user_launch_the_chrome_application(ContinueShoppingStepdef.java:29)] - browser opens
2020-04-09 17:43:39.781 INFO [main] [com.cts.pages.ContinueShoppingPage] [tc04_the_user_open_the_saucedemo_home_page] [com.cts.Stepdefinition.ContinueShoppingStepdef.tc04_the_user_open_the_saucedemo_home_page(ContinueShoppingStepdef.java:35)] - website opens
2020-04-09 17:44:20.520 INFO [main] [com.cts.pages.ContinueShoppingPage] [tc04_click_on_the_login_button_user_nagivate_to_the_next_page] [com.cts.Stepdefinition.ContinueShoppingStepdef.tc04_click_on_the_login_button_user_nagivate_to_the_next_page(ContinueShoppingStepdef.java:49)] - login successfully
2020-04-09 17:44:22.339 INFO [main] [com.cts.pages.ContinueShoppingPage] [tc04_the_user_select_the_product_and_add_to_cart] [com.cts.Stepdefinition.ContinueShoppingStepdef.tc04_the_user_select_the_product_and_add_to_cart(ContinueShoppingStepdef.java:55)] - Product is selected and added to cart
2020-04-09 17:44:23.255 INFO [main] [com.cts.pages.ContinueShoppingPage] [tc04_the_user_continue_shopping] [com.cts.Stepdefinition.ContinueShoppingStepdef.tc04_the_user_continue_shopping(ContinueShoppingStepdef.java:61)] - Product is added
2020-04-09 17:44:23.892 ERROR [main] [com.cts.pages.ContinueShoppingPage] [tc04_the_user_continue_shopping] [com.cts.Stepdefinition.ContinueShoppingStepdef.tc04_the_user_continue_shopping(ContinueShoppingStepdef.java:64)] - browser is closed
2020-04-09 17:47:08.771 INFO [main] [com.cts.pages.LogoutPage] [tc06_the_user_launch_the_chrome_application] [com.cts.Stepdefinition.LogoutStepdef.tc06_the_user_launch_the_chrome_application(LogoutStepdef.java:30)] - browser opens
2020-04-09 17:47:19.616 INFO [main] [com.cts.pages.LogoutPage] [tc06_the_user_open_the_saucedemo_home_page] [com.cts.Stepdefinition.LogoutStepdef.tc06_the_user_open_the_saucedemo_home_page(LogoutStepdef.java:37)] - website opens
2020-04-09 17:48:57.191 INFO [main] [com.cts.pages.LogoutPage] [tc06_the_user_launch_the_chrome_application] [com.cts.Stepdefinition.LogoutStepdef.tc06_the_user_launch_the_chrome_application(LogoutStepdef.java:30)] - browser opens
2020-04-09 17:49:06.756 INFO [main] [com.cts.pages.LogoutPage] [tc06_the_user_open_the_saucedemo_home_page] [com.cts.Stepdefinition.LogoutStepdef.tc06_the_user_open_the_saucedemo_home_page(LogoutStepdef.java:37)] - website opens
2020-04-09 17:49:26.858 INFO [main] [com.cts.pages.LogoutPage] [tc06_click_on_the_login_button_user_nagivate_to_the_next_page] [com.cts.Stepdefinition.LogoutStepdef.tc06_click_on_the_login_button_user_nagivate_to_the_next_page(LogoutStepdef.java:52)] - login successfully
2020-04-09 17:49:27.129 INFO [main] [com.cts.pages.LogoutPage] [tc06_user_opens_the_menu] [com.cts.Stepdefinition.LogoutStepdef.tc06_user_opens_the_menu(LogoutStepdef.java:58)] - menu opened
2020-04-09 17:49:28.127 ERROR [main] [com.cts.pages.LogoutPage] [tc06_user_click_on_logout] [com.cts.Stepdefinition.LogoutStepdef.tc06_user_click_on_logout(LogoutStepdef.java:67)] - browser is closed
2020-04-09 17:52:29.039 INFO [main] [com.cts.pages.LogoutPage] [tc06_the_user_launch_the_chrome_application] [com.cts.Stepdefinition.LogoutStepdef.tc06_the_user_launch_the_chrome_application(LogoutStepdef.java:30)] - browser opens
2020-04-09 17:52:35.483 INFO [main] [com.cts.pages.LogoutPage] [tc06_the_user_open_the_saucedemo_home_page] [com.cts.Stepdefinition.LogoutStepdef.tc06_the_user_open_the_saucedemo_home_page(LogoutStepdef.java:37)] - website opens
2020-04-09 17:52:55.878 INFO [main] [com.cts.pages.LogoutPage] [tc06_click_on_the_login_button_user_nagivate_to_the_next_page] [com.cts.Stepdefinition.LogoutStepdef.tc06_click_on_the_login_button_user_nagivate_to_the_next_page(LogoutStepdef.java:52)] - login successfully
2020-04-09 17:52:56.160 INFO [main] [com.cts.pages.LogoutPage] [tc06_user_opens_the_menu] [com.cts.Stepdefinition.LogoutStepdef.tc06_user_opens_the_menu(LogoutStepdef.java:58)] - menu opened
2020-04-09 17:52:56.965 ERROR [main] [com.cts.pages.LogoutPage] [tc06_user_click_on_logout] [com.cts.Stepdefinition.LogoutStepdef.tc06_user_click_on_logout(LogoutStepdef.java:67)] - browser is closed
2020-04-09 18:04:20.612 INFO [main] [com.cts.pages.MenuPage] [tc05_the_user_launch_the_chrome_application] [com.cts.Stepdefinition.MenuStepdef.tc05_the_user_launch_the_chrome_application(MenuStepdef.java:31)] - browser opens
2020-04-09 18:04:26.704 INFO [main] [com.cts.pages.MenuPage] [tc05_the_user_open_the_saucedemo_home_page] [com.cts.Stepdefinition.MenuStepdef.tc05_the_user_open_the_saucedemo_home_page(MenuStepdef.java:38)] - website opens
2020-04-09 18:04:33.560 INFO [main] [com.cts.pages.MenuPage] [tc05_click_on_the_login_button_user_nagivate_to_the_next_page] [com.cts.Stepdefinition.MenuStepdef.tc05_click_on_the_login_button_user_nagivate_to_the_next_page(MenuStepdef.java:52)] - login successfully
2020-04-09 18:04:33.842 INFO [main] [com.cts.pages.MenuPage] [tc05_user_opens_the_menu] [com.cts.Stepdefinition.MenuStepdef.tc05_user_opens_the_menu(MenuStepdef.java:58)] - Menu is opened
2020-04-09 18:04:54.044 ERROR [main] [com.cts.pages.MenuPage] [tc05_in_platform_user_select_selenium] [com.cts.Stepdefinition.MenuStepdef.tc05_in_platform_user_select_selenium(MenuStepdef.java:75)] - browser is closed
2020-04-09 18:05:59.948 INFO [main] [com.cts.pages.LogoutPage] [tc06_the_user_launch_the_chrome_application] [com.cts.Stepdefinition.LogoutStepdef.tc06_the_user_launch_the_chrome_application(LogoutStepdef.java:31)] - browser opens
2020-04-09 18:06:05.929 INFO [main] [com.cts.pages.LogoutPage] [tc06_the_user_open_the_saucedemo_home_page] [com.cts.Stepdefinition.LogoutStepdef.tc06_the_user_open_the_saucedemo_home_page(LogoutStepdef.java:38)] - website opens
2020-04-09 18:06:13.299 INFO [main] [com.cts.pages.LogoutPage] [tc06_click_on_the_login_button_user_nagivate_to_the_next_page] [com.cts.Stepdefinition.LogoutStepdef.tc06_click_on_the_login_button_user_nagivate_to_the_next_page(LogoutStepdef.java:53)] - login successfully
2020-04-09 18:06:13.585 INFO [main] [com.cts.pages.LogoutPage] [tc06_user_opens_the_menu] [com.cts.Stepdefinition.LogoutStepdef.tc06_user_opens_the_menu(LogoutStepdef.java:59)] - menu opened
2020-04-09 18:06:14.375 ERROR [main] [com.cts.pages.LogoutPage] [tc06_user_click_on_logout] [com.cts.Stepdefinition.LogoutStepdef.tc06_user_click_on_logout(LogoutStepdef.java:68)] - browser is closed
2020-04-09 18:20:15.233 INFO [main] [com.cts.pages.LoginPage] [the_user_launch_the_browser] [com.cts.Stepdefinition.LoginStepdef.the_user_launch_the_browser(LoginStepdef.java:27)] - browser opens
2020-04-09 18:20:25.892 INFO [main] [com.cts.pages.LoginPage] [the_user_open_the_saucedemo_home_page] [com.cts.Stepdefinition.LoginStepdef.the_user_open_the_saucedemo_home_page(LoginStepdef.java:33)] - website opens
2020-04-09 18:20:25.900 DEBUG [main] [com.cts.pages.LoginPage] [the_user_login_using_and] [com.cts.Stepdefinition.LoginStepdef.the_user_login_using_and(LoginStepdef.java:40)] - enter username and password
2020-04-09 18:20:50.862 INFO [main] [com.cts.pages.LoginPage] [click_on_the_login_button_user_nagivate_to_the_next_page] [com.cts.Stepdefinition.LoginStepdef.click_on_the_login_button_user_nagivate_to_the_next_page(LoginStepdef.java:49)] - login successfully
2020-04-09 18:20:51.386 ERROR [main] [com.cts.pages.LoginPage] [click_on_the_login_button_user_nagivate_to_the_next_page] [com.cts.Stepdefinition.LoginStepdef.click_on_the_login_button_user_nagivate_to_the_next_page(LoginStepdef.java:52)] - browser is closed
2020-04-09 18:21:01.794 INFO [main] [com.cts.pages.SelectPriceRange] [the_user_launch_the_browser] [com.cts.Stepdefinition.PriceRangeStepdef.the_user_launch_the_browser(PriceRangeStepdef.java:30)] - browser opens
2020-04-09 18:21:17.026 INFO [main] [com.cts.pages.SelectPriceRange] [tc02_the_user_open_the_saucedemo_home_page] [com.cts.Stepdefinition.PriceRangeStepdef.tc02_the_user_open_the_saucedemo_home_page(PriceRangeStepdef.java:37)] - website opens
2020-04-09 18:21:45.535 INFO [main] [com.cts.pages.SelectPriceRange] [tc02_click_on_the_login_button_user_nagivate_to_the_next_page] [com.cts.Stepdefinition.PriceRangeStepdef.tc02_click_on_the_login_button_user_nagivate_to_the_next_page(PriceRangeStepdef.java:51)] - login successfully
2020-04-09 18:21:45.807 INFO [main] [com.cts.pages.SelectPriceRange] [tc02_select_the_price_range_from_low_to_high] [com.cts.Stepdefinition.PriceRangeStepdef.tc02_select_the_price_range_from_low_to_high(PriceRangeStepdef.java:57)] - Price is Selected
2020-04-09 18:21:46.201 ERROR [main] [com.cts.pages.SelectPriceRange] [tc02_select_the_price_range_from_low_to_high] [com.cts.Stepdefinition.PriceRangeStepdef.tc02_select_the_price_range_from_low_to_high(PriceRangeStepdef.java:60)] - browser is closed
2020-04-09 18:21:52.306 INFO [main] [com.cts.pages.SelectProductPage] [the_user_launch_the_browser] [com.cts.Stepdefinition.SelectProductStepdef.the_user_launch_the_browser(SelectProductStepdef.java:30)] - browser opens
2020-04-09 18:21:58.825 INFO [main] [com.cts.pages.SelectProductPage] [tc03_the_user_open_the_saucedemo_home_page] [com.cts.Stepdefinition.SelectProductStepdef.tc03_the_user_open_the_saucedemo_home_page(SelectProductStepdef.java:36)] - website opens
2020-04-09 18:22:54.563 INFO [main] [com.cts.pages.SelectProductPage] [tc03_click_on_the_login_button_user_nagivate_to_the_next_page] [com.cts.Stepdefinition.SelectProductStepdef.tc03_click_on_the_login_button_user_nagivate_to_the_next_page(SelectProductStepdef.java:51)] - login successfully
2020-04-09 18:22:55.268 INFO [main] [com.cts.pages.SelectProductPage] [tc03_the_user_select_the_product] [com.cts.Stepdefinition.SelectProductStepdef.tc03_the_user_select_the_product(SelectProductStepdef.java:57)] - Product is Selected
2020-04-09 18:22:55.451 INFO [main] [com.cts.pages.SelectProductPage] [tc03_adds_the_product_to_add_cart] [com.cts.Stepdefinition.SelectProductStepdef.tc03_adds_the_product_to_add_cart(SelectProductStepdef.java:63)] - Product is added to cart
2020-04-09 18:22:55.900 ERROR [main] [com.cts.pages.SelectProductPage] [tc03_adds_the_product_to_add_cart] [com.cts.Stepdefinition.SelectProductStepdef.tc03_adds_the_product_to_add_cart(SelectProductStepdef.java:66)] - browser is closed
2020-04-09 18:23:00.268 INFO [main] [com.cts.pages.ContinueShoppingPage] [the_user_launch_the_browser] [com.cts.Stepdefinition.ContinueShoppingStepdef.the_user_launch_the_browser(ContinueShoppingStepdef.java:30)] - browser opens
2020-04-09 18:23:04.519 INFO [main] [com.cts.pages.ContinueShoppingPage] [tc04_the_user_open_the_saucedemo_home_page] [com.cts.Stepdefinition.ContinueShoppingStepdef.tc04_the_user_open_the_saucedemo_home_page(ContinueShoppingStepdef.java:36)] - website opens
2020-04-09 18:23:17.062 INFO [main] [com.cts.pages.ContinueShoppingPage] [tc04_click_on_the_login_button_user_nagivate_to_the_next_page] [com.cts.Stepdefinition.ContinueShoppingStepdef.tc04_click_on_the_login_button_user_nagivate_to_the_next_page(ContinueShoppingStepdef.java:50)] - login successfully
2020-04-09 18:23:18.629 INFO [main] [com.cts.pages.ContinueShoppingPage] [tc04_the_user_select_the_product_and_add_to_cart] [com.cts.Stepdefinition.ContinueShoppingStepdef.tc04_the_user_select_the_product_and_add_to_cart(ContinueShoppingStepdef.java:56)] - Product is selected and added to cart
2020-04-09 18:23:19.643 INFO [main] [com.cts.pages.ContinueShoppingPage] [tc04_the_user_continue_shopping] [com.cts.Stepdefinition.ContinueShoppingStepdef.tc04_the_user_continue_shopping(ContinueShoppingStepdef.java:62)] - Product is added
2020-04-09 18:23:20.222 ERROR [main] [com.cts.pages.ContinueShoppingPage] [tc04_the_user_continue_shopping] [com.cts.Stepdefinition.ContinueShoppingStepdef.tc04_the_user_continue_shopping(ContinueShoppingStepdef.java:65)] - browser is closed
2020-04-09 18:23:28.435 INFO [main] [com.cts.pages.MenuPage] [the_user_launch_the_browser] [com.cts.Stepdefinition.MenuStepdef.the_user_launch_the_browser(MenuStepdef.java:31)] - browser opens
2020-04-09 18:23:37.320 INFO [main] [com.cts.pages.MenuPage] [tc05_the_user_open_the_saucedemo_home_page] [com.cts.Stepdefinition.MenuStepdef.tc05_the_user_open_the_saucedemo_home_page(MenuStepdef.java:38)] - website opens
2020-04-09 18:24:15.911 INFO [main] [com.cts.pages.MenuPage] [tc05_click_on_the_login_button_user_nagivate_to_the_next_page] [com.cts.Stepdefinition.MenuStepdef.tc05_click_on_the_login_button_user_nagivate_to_the_next_page(MenuStepdef.java:52)] - login successfully
2020-04-09 18:24:16.190 INFO [main] [com.cts.pages.MenuPage] [tc05_user_opens_the_menu] [com.cts.Stepdefinition.MenuStepdef.tc05_user_opens_the_menu(MenuStepdef.java:58)] - Menu is opened
2020-04-09 18:24:49.895 ERROR [main] [com.cts.pages.MenuPage] [tc05_in_platform_user_select_selenium] [com.cts.Stepdefinition.MenuStepdef.tc05_in_platform_user_select_selenium(MenuStepdef.java:71)] - browser is closed
2020-04-09 18:25:02.419 INFO [main] [com.cts.pages.LogoutPage] [the_user_launch_the_browser] [com.cts.Stepdefinition.LogoutStepdef.the_user_launch_the_browser(LogoutStepdef.java:31)] - browser opens
2020-04-09 18:25:07.565 INFO [main] [com.cts.pages.LogoutPage] [tc06_the_user_open_the_saucedemo_home_page] [com.cts.Stepdefinition.LogoutStepdef.tc06_the_user_open_the_saucedemo_home_page(LogoutStepdef.java:38)] - website opens
2020-04-09 18:25:11.752 INFO [main] [com.cts.pages.LogoutPage] [tc06_click_on_the_login_button_user_nagivate_to_the_next_page] [com.cts.Stepdefinition.LogoutStepdef.tc06_click_on_the_login_button_user_nagivate_to_the_next_page(LogoutStepdef.java:53)] - login successfully
2020-04-09 18:25:12.053 INFO [main] [com.cts.pages.LogoutPage] [tc06_user_opens_the_menu] [com.cts.Stepdefinition.LogoutStepdef.tc06_user_opens_the_menu(LogoutStepdef.java:59)] - menu opened
2020-04-09 18:25:12.981 ERROR [main] [com.cts.pages.LogoutPage] [tc06_user_click_on_logout] [com.cts.Stepdefinition.LogoutStepdef.tc06_user_click_on_logout(LogoutStepdef.java:68)] - browser is closed
